[debug] [2023-04-17T14:59:24.077Z] ----------------------------------------------------------------------
[debug] [2023-04-17T14:59:24.078Z] Command:       C:\Program Files\nodejs\node.exe C:\Users\goelr\AppData\Roaming\npm\node_modules\firebase-tools\lib\bin\firebase.js init hosting
[debug] [2023-04-17T14:59:24.079Z] CLI Version:   11.27.0
[debug] [2023-04-17T14:59:24.079Z] Platform:      win32
[debug] [2023-04-17T14:59:24.079Z] Node Version:  v18.16.0
[debug] [2023-04-17T14:59:24.080Z] Time:          Mon Apr 17 2023 20:29:24 GMT+0530 (India Standard Time)
[debug] [2023-04-17T14:59:24.080Z] ----------------------------------------------------------------------
[debug] 
[debug] [2023-04-17T14:59:24.126Z] > command requires scopes: ["email","openid","https://www.googleapis.com/auth/cloudplatformprojects.readonly","https://www.googleapis.com/auth/firebase","https://www.googleapis.com/auth/cloud-platform"]
[debug] [2023-04-17T14:59:24.127Z] > authorizing via signed-in user (goelrahul78@gmail.com)
[info] 
     ######## #### ########  ######## ########     ###     ######  ########
     ##        ##  ##     ## ##       ##     ##  ##   ##  ##       ##
     ######    ##  ########  ######   ########  #########  ######  ######
     ##        ##  ##    ##  ##       ##     ## ##     ##       ## ##
     ##       #### ##     ## ######## ########  ##     ##  ######  ########

You're about to initialize a Firebase project in this directory:

  C:\Users\goelr\OneDrive\Desktop\work\projects\phillip paik\git-next-actions

Before we get started, keep in mind:

  * You are initializing within an existing Firebase project directory

